<?xml version="1.0" encoding="UTF-8"?>
<testsuite name="Academy Choucair" tests="1" skipped="0" failures="0" errors="0" timestamp="2021-12-10T01:19:26" hostname="WIN-TURCIOS" time="45.46">
  <properties/>
  <testcase name="Search for a automation course" classname="Academy Choucair" time="45.46"/>
  <system-out><![CDATA[]]></system-out>
  <system-err><![CDATA[[Test worker] WARN net.thucydides.core.steps.BaseStepListener - stepStarted: net.thucydides.core.steps.ExecutedStepDescription@65e8b3af
[Test worker] WARN net.thucydides.core.steps.BaseStepListener - stepStarted: net.thucydides.core.steps.ExecutedStepDescription@328c5f80
[Test worker] WARN net.thucydides.core.steps.BaseStepListener - stepStarted: net.thucydides.core.steps.ExecutedStepDescription@291e5e71
dic 09, 2021 8:19:27 PM org.openqa.selenium.remote.DesiredCapabilities chrome
INFORMACIÓN: Using `new ChromeOptions()` is preferred to `DesiredCapabilities.chrome()`
[Test worker] INFO net.serenitybdd.core.webdriver.driverproviders.ProvideNewDriver - Instantiating driver
[Test worker] INFO net.serenitybdd.core.webdriver.driverproviders.ProvideNewDriver - Driver capabilities: Capabilities {acceptInsecureCerts: false, browserName: chrome, chrome.switches: --start-maximized, goog:chromeOptions: {args: [--start-maximized], extensions: []}, loggingPrefs: org.openqa.selenium.logging..., platform: ANY, version: }
Starting ChromeDriver 96.0.4664.45 (76e4c1bb2ab4671b8beba3444e61c0f17584b2fc-refs/branch-heads/4664@{#947}) on port 35655
Only local connections are allowed.
Please see https://chromedriver.chromium.org/security-considerations for suggestions on keeping ChromeDriver safe.
ChromeDriver was started successfully.
dic 09, 2021 8:19:32 PM org.openqa.selenium.remote.ProtocolHandshake createSession
INFORMACIÓN: Detected dialect: W3C
[Test worker] WARN net.thucydides.core.steps.BaseStepListener - stepFinished: current outcome:Search for a automation course:Given than brandon wants to learn automation at the academy Choucair
| strUser | strPassword |
| 585558 | Choucair2021* | [Brandon open up [Brandon opens the Choucair academy page]]
[Test worker] WARN net.thucydides.core.steps.BaseStepListener - stepFinished: current outcome:Search for a automation course:Given than brandon wants to learn automation at the academy Choucair
| strUser | strPassword |
| 585558 | Choucair2021* | [Brandon open up [Brandon opens the Choucair academy page]]
[Test worker] WARN net.thucydides.core.steps.BaseStepListener - stepStarted: net.thucydides.core.steps.ExecutedStepDescription@3eecf642
[Test worker] WARN net.thucydides.core.steps.BaseStepListener - stepStarted: net.thucydides.core.steps.ExecutedStepDescription@1a7d40a
[Test worker] WARN net.thucydides.core.steps.BaseStepListener - stepFinished: current outcome:Search for a automation course:Given than brandon wants to learn automation at the academy Choucair
| strUser | strPassword |
| 585558 | Choucair2021* | [Brandon open up [Brandon opens the Choucair academy page], Brandon login [Brandon clicks on button that shows us the form to login]]
[Test worker] WARN net.thucydides.core.steps.BaseStepListener - stepStarted: net.thucydides.core.steps.ExecutedStepDescription@4f789638
[Test worker] WARN net.thucydides.core.steps.BaseStepListener - stepFinished: current outcome:Search for a automation course:Given than brandon wants to learn automation at the academy Choucair
| strUser | strPassword |
| 585558 | Choucair2021* | [Brandon open up [Brandon opens the Choucair academy page], Brandon login [Brandon clicks on button that shows us the form to login, Brandon enters '585558' into write tha user]]
[Test worker] WARN net.thucydides.core.steps.BaseStepListener - stepStarted: net.thucydides.core.steps.ExecutedStepDescription@3709ff46
[Test worker] WARN net.thucydides.core.steps.BaseStepListener - stepFinished: current outcome:Search for a automation course:Given than brandon wants to learn automation at the academy Choucair
| strUser | strPassword |
| 585558 | Choucair2021* | [Brandon open up [Brandon opens the Choucair academy page], Brandon login [Brandon clicks on button that shows us the form to login, Brandon enters '585558' into write tha user, Brandon enters 'Choucair2021*' into write the password]]
[Test worker] WARN net.thucydides.core.steps.BaseStepListener - stepStarted: net.thucydides.core.steps.ExecutedStepDescription@3a615ec6
[Test worker] WARN net.thucydides.core.steps.BaseStepListener - stepFinished: current outcome:Search for a automation course:Given than brandon wants to learn automation at the academy Choucair
| strUser | strPassword |
| 585558 | Choucair2021* | [Brandon open up [Brandon opens the Choucair academy page], Brandon login [Brandon clicks on button that shows us the form to login, Brandon enters '585558' into write tha user, Brandon enters 'Choucair2021*' into write the password, Brandon clicks on Successful]]
[Test worker] WARN net.thucydides.core.steps.BaseStepListener - stepFinished: current outcome:Search for a automation course:Given than brandon wants to learn automation at the academy Choucair
| strUser | strPassword |
| 585558 | Choucair2021* | [Brandon open up [Brandon opens the Choucair academy page], Brandon login [Brandon clicks on button that shows us the form to login, Brandon enters '585558' into write tha user, Brandon enters 'Choucair2021*' into write the password, Brandon clicks on Successful]]
[Test worker] WARN net.thucydides.core.steps.BaseStepListener - stepFinished: current outcome:Search for a automation course:Given than brandon wants to learn automation at the academy Choucair
| strUser | strPassword |
| 585558 | Choucair2021* | [Brandon open up [Brandon opens the Choucair academy page], Brandon login [Brandon clicks on button that shows us the form to login, Brandon enters '585558' into write tha user, Brandon enters 'Choucair2021*' into write the password, Brandon clicks on Successful]]
[Test worker] WARN net.thucydides.core.steps.BaseStepListener - stepStarted: net.thucydides.core.steps.ExecutedStepDescription@4de65ed5
[Test worker] WARN net.thucydides.core.steps.BaseStepListener - stepStarted: net.thucydides.core.steps.ExecutedStepDescription@36529811
[Test worker] WARN net.thucydides.core.steps.BaseStepListener - stepStarted: net.thucydides.core.steps.ExecutedStepDescription@60ace325
[Test worker] WARN net.thucydides.core.steps.BaseStepListener - stepFinished: current outcome:Search for a automation course:Given than brandon wants to learn automation at the academy Choucair
| strUser | strPassword |
| 585558 | Choucair2021* | [Brandon open up [Brandon opens the Choucair academy page], Brandon login [Brandon clicks on button that shows us the form to login, Brandon enters '585558' into write tha user, Brandon enters 'Choucair2021*' into write the password, Brandon clicks on Successful]], When he search for the course on the choucair academy platform
| strCourse |
| Foundation Level | [Brandon search [Brandon clicks on select the university Choucair]]
[Test worker] WARN net.thucydides.core.steps.BaseStepListener - stepStarted: net.thucydides.core.steps.ExecutedStepDescription@5cc8e8
[Test worker] WARN net.thucydides.core.steps.BaseStepListener - stepFinished: current outcome:Search for a automation course:Given than brandon wants to learn automation at the academy Choucair
| strUser | strPassword |
| 585558 | Choucair2021* | [Brandon open up [Brandon opens the Choucair academy page], Brandon login [Brandon clicks on button that shows us the form to login, Brandon enters '585558' into write tha user, Brandon enters 'Choucair2021*' into write the password, Brandon clicks on Successful]], When he search for the course on the choucair academy platform
| strCourse |
| Foundation Level | [Brandon search [Brandon clicks on select the university Choucair, Brandon enters 'Foundation Level' into select the university Choucair]]
[Test worker] WARN net.thucydides.core.steps.BaseStepListener - stepStarted: net.thucydides.core.steps.ExecutedStepDescription@5e650792
[Test worker] WARN net.thucydides.core.steps.BaseStepListener - stepFinished: current outcome:Search for a automation course:Given than brandon wants to learn automation at the academy Choucair
| strUser | strPassword |
| 585558 | Choucair2021* | [Brandon open up [Brandon opens the Choucair academy page], Brandon login [Brandon clicks on button that shows us the form to login, Brandon enters '585558' into write tha user, Brandon enters 'Choucair2021*' into write the password, Brandon clicks on Successful]], When he search for the course on the choucair academy platform
| strCourse |
| Foundation Level | [Brandon search [Brandon clicks on select the university Choucair, Brandon enters 'Foundation Level' into select the university Choucair, Brandon clicks on select the university Choucair]]
[Test worker] WARN net.thucydides.core.steps.BaseStepListener - stepStarted: net.thucydides.core.steps.ExecutedStepDescription@5a34b629
[Test worker] WARN net.thucydides.core.steps.BaseStepListener - stepFinished: current outcome:Search for a automation course:Given than brandon wants to learn automation at the academy Choucair
| strUser | strPassword |
| 585558 | Choucair2021* | [Brandon open up [Brandon opens the Choucair academy page], Brandon login [Brandon clicks on button that shows us the form to login, Brandon enters '585558' into write tha user, Brandon enters 'Choucair2021*' into write the password, Brandon clicks on Successful]], When he search for the course on the choucair academy platform
| strCourse |
| Foundation Level | [Brandon search [Brandon clicks on select the university Choucair, Brandon enters 'Foundation Level' into select the university Choucair, Brandon clicks on select the university Choucair, Brandon clicks on select the university Choucair]]
[Test worker] WARN net.thucydides.core.steps.BaseStepListener - stepFinished: current outcome:Search for a automation course:Given than brandon wants to learn automation at the academy Choucair
| strUser | strPassword |
| 585558 | Choucair2021* | [Brandon open up [Brandon opens the Choucair academy page], Brandon login [Brandon clicks on button that shows us the form to login, Brandon enters '585558' into write tha user, Brandon enters 'Choucair2021*' into write the password, Brandon clicks on Successful]], When he search for the course on the choucair academy platform
| strCourse |
| Foundation Level | [Brandon search [Brandon clicks on select the university Choucair, Brandon enters 'Foundation Level' into select the university Choucair, Brandon clicks on select the university Choucair, Brandon clicks on select the university Choucair]]
[Test worker] WARN net.thucydides.core.steps.BaseStepListener - stepFinished: current outcome:Search for a automation course:Given than brandon wants to learn automation at the academy Choucair
| strUser | strPassword |
| 585558 | Choucair2021* | [Brandon open up [Brandon opens the Choucair academy page], Brandon login [Brandon clicks on button that shows us the form to login, Brandon enters '585558' into write tha user, Brandon enters 'Choucair2021*' into write the password, Brandon clicks on Successful]], When he search for the course on the choucair academy platform
| strCourse |
| Foundation Level | [Brandon search [Brandon clicks on select the university Choucair, Brandon enters 'Foundation Level' into select the university Choucair, Brandon clicks on select the university Choucair, Brandon clicks on select the university Choucair]]
[Test worker] WARN net.thucydides.core.steps.BaseStepListener - stepStarted: net.thucydides.core.steps.ExecutedStepDescription@580c64ff
[Test worker] WARN net.thucydides.core.steps.BaseStepListener - stepStarted: net.thucydides.core.steps.ExecutedStepDescription@67fdf634
[Test worker] WARN net.thucydides.core.steps.BaseStepListener - stepFinished: current outcome:Search for a automation course:Given than brandon wants to learn automation at the academy Choucair
| strUser | strPassword |
| 585558 | Choucair2021* | [Brandon open up [Brandon opens the Choucair academy page], Brandon login [Brandon clicks on button that shows us the form to login, Brandon enters '585558' into write tha user, Brandon enters 'Choucair2021*' into write the password, Brandon clicks on Successful]], When he search for the course on the choucair academy platform
| strCourse |
| Foundation Level | [Brandon search [Brandon clicks on select the university Choucair, Brandon enters 'Foundation Level' into select the university Choucair, Brandon clicks on select the university Choucair, Brandon clicks on select the university Choucair]], Then he finds the course called resources
| strCourse |
| Foundation Level | [Then answer]
[Test worker] WARN net.thucydides.core.steps.BaseStepListener - stepFinished: current outcome:Search for a automation course:Given than brandon wants to learn automation at the academy Choucair
| strUser | strPassword |
| 585558 | Choucair2021* | [Brandon open up [Brandon opens the Choucair academy page], Brandon login [Brandon clicks on button that shows us the form to login, Brandon enters '585558' into write tha user, Brandon enters 'Choucair2021*' into write the password, Brandon clicks on Successful]], When he search for the course on the choucair academy platform
| strCourse |
| Foundation Level | [Brandon search [Brandon clicks on select the university Choucair, Brandon enters 'Foundation Level' into select the university Choucair, Brandon clicks on select the university Choucair, Brandon clicks on select the university Choucair]], Then he finds the course called resources
| strCourse |
| Foundation Level | [Then answer]
[Test worker] WARN net.thucydides.core.steps.BaseStepListener - testFinished: Search for a automation course:Given than brandon wants to learn automation at the academy Choucair
| strUser | strPassword |
| 585558 | Choucair2021* | [Brandon open up [Brandon opens the Choucair academy page], Brandon login [Brandon clicks on button that shows us the form to login, Brandon enters '585558' into write tha user, Brandon enters 'Choucair2021*' into write the password, Brandon clicks on Successful]], When he search for the course on the choucair academy platform
| strCourse |
| Foundation Level | [Brandon search [Brandon clicks on select the university Choucair, Brandon enters 'Foundation Level' into select the university Choucair, Brandon clicks on select the university Choucair, Brandon clicks on select the university Choucair]], Then he finds the course called resources
| strCourse |
| Foundation Level | [Then answer]
[Test worker] WARN net.thucydides.core.steps.BaseStepListener - TestOutcomes: [Search for a automation course:Given than brandon wants to learn automation at the academy Choucair
| strUser | strPassword |
| 585558 | Choucair2021* | [Brandon open up [Brandon opens the Choucair academy page], Brandon login [Brandon clicks on button that shows us the form to login, Brandon enters '585558' into write tha user, Brandon enters 'Choucair2021*' into write the password, Brandon clicks on Successful]], When he search for the course on the choucair academy platform
| strCourse |
| Foundation Level | [Brandon search [Brandon clicks on select the university Choucair, Brandon enters 'Foundation Level' into select the university Choucair, Brandon clicks on select the university Choucair, Brandon clicks on select the university Choucair]], Then he finds the course called resources
| strCourse |
| Foundation Level | [Then answer]]
[Test worker] WARN net.thucydides.core.steps.BaseStepListener - Final testOutcomes: [Search for a automation course:Given than brandon wants to learn automation at the academy Choucair
| strUser | strPassword |
| 585558 | Choucair2021* | [Brandon open up [Brandon opens the Choucair academy page], Brandon login [Brandon clicks on button that shows us the form to login, Brandon enters '585558' into write tha user, Brandon enters 'Choucair2021*' into write the password, Brandon clicks on Successful]], When he search for the course on the choucair academy platform
| strCourse |
| Foundation Level | [Brandon search [Brandon clicks on select the university Choucair, Brandon enters 'Foundation Level' into select the university Choucair, Brandon clicks on select the university Choucair, Brandon clicks on select the university Choucair]], Then he finds the course called resources
| strCourse |
| Foundation Level | [Then answer]]
[Test worker] INFO net.thucydides.core.steps.ConsoleLoggingListener - 
        __    _____ _____ ____ _____   ____   _    ____  ____  _____ ____  
  _     \ \  |_   _| ____/ ___|_   _| |  _ \ / \  / ___|/ ___|| ____|  _ \ 
 (_)_____| |   | | |  _| \___ \ | |   | |_) / _ \ \___ \\___ \|  _| | | | |
  _|_____| |   | | | |___ ___) || |   |  __/ ___ \ ___) |___) | |___| |_| |
 (_)     | |   |_| |_____|____/ |_|   |_| /_/   \_\____/|____/|_____|____/ 
        /_/                                                                

TEST PASSED: Search for a automation course
----------------------------------------------------------------------------
]]></system-err>
</testsuite>
